Arguments: 
  /usr/local/bin/node /usr/local/bin/yarn add rimraf cpy-cli

PATH: 
  /Users/georgesuveti/Documents/google-cloud-sdk/bin:/Users/georgesuveti/.jenv/bin:/Users/georgesuveti/perl5/perlbrew/bin:/Users/georgesuveti/perl5/perlbrew/perls/perl-5.16.0/bin:/opt/local/bin:/opt/local/sbin:/usr/bin:/usr/sbin:/usr/local/bin:/usr/local:/usr/local/git/bin:/usr/local/Cellar/apache-maven-3.2.1/bin:/usr/local/Cellar/apache-maven-3.2.1:/Library/Java/JavaVirtualMachines/jdk1.8.0_131.jdk/Contents/Home:/Users/georgesuveti/Library/Android/sdk:/Users/georgesuveti/Library/Android/sdk/tools:/Users/georgesuveti/Library/Android/sdk/platform-tools:/Library/PostgreSQL/9.4/bin:/usr/local/Cellar/rabbitmq/3.5.6/sbin:/usr/local/mysql/bin:/usr/local/bin:/usr/bin:/bin:/usr/sbin:/sbin:/Applications/clojure:/usr/local/git/bin

Yarn version: 
  0.27.5

Node version: 
  7.10.0

Platform: 
  darwin x64

npm manifest: 
  {
    "name": "@irian/demo-web-lib",
    "version": "0.1.0",
    "author": {
      "name": "georgesuveti",
      "email": "george.suveti@irian.ro"
    },
    "keywords": [
      "angular"
    ]
  }

yarn manifest: 
  No manifest

Lockfile: 
  No lockfile

Trace: 
  SyntaxError: /Users/georgesuveti/IdeaProjects/irian-ro/libs/demo-lib/demo-web-lib/package.json: Unexpected token r in JSON at position 962
      at JSON.parse (<anonymous>)
      at /usr/local/lib/node_modules/yarn/lib/util/fs.js:554:57
      at Generator.next (<anonymous>)
      at step (/usr/local/lib/node_modules/yarn/node_modules/babel-runtime/helpers/asyncToGenerator.js:17:30)
      at /usr/local/lib/node_modules/yarn/node_modules/babel-runtime/helpers/asyncToGenerator.js:28:13
